<?xml version="1.0" encoding="UTF-8"?>
<coverage generated="1507005499066" clover="3.2.0">
  <project timestamp="1507005499066" name="All files">
    <metrics statements="6" coveredstatements="3" conditionals="2" coveredconditionals="1" methods="2" coveredmethods="1" elements="10" coveredelements="5" complexity="0" loc="6" ncloc="6" packages="1" files="2" classes="2">
      <file name="subtract.js" path="/Users/deniztetik/setup-jest-math/subtract.js">
        <metrics statements="2" coveredstatements="0" conditionals="0" coveredconditionals="0" methods="1" coveredmethods="0"/>
        <line num="1" count="0" type="stmt"/>
        <line num="4" count="0" type="stmt"/>
      </file>
      <file name="sum.js" path="/Users/deniztetik/setup-jest-math/sum.js">
        <metrics statements="4" coveredstatements="3" conditionals="2" coveredconditionals="1" methods="1" coveredmethods="1"/>
        <line num="1" count="1" type="stmt"/>
        <line num="4" count="1" type="cond" truecount="1" falsecount="1"/>
        <line num="5" count="1" type="stmt"/>
        <line num="7" count="0" type="stmt"/>
      </file>
    </metrics>
  </project>
</coverage>
